<?xml version="1.0" encoding="UTF-8"?>
<!-- Generated by org.testng.reporters.JUnitXMLReporter -->
<testsuite ignored="0" hostname="Umesh_Bilembagi" failures="0" tests="7" name="Test" time="47.817" errors="0" timestamp="2025-02-08T01:02:16 IST">
  <testcase classname="testCases.TC001_AccountRegistrationTest" name="verify_account_registration" time="8.122"/>
  <testcase classname="testCases.TC002_LoginTest" name="verify_login" time="2.141"/>
  <testcase classname="testCases.TC003_LoginDataDrivenTest" name="verify_loginDDT" time="5.189"/>
  <testcase classname="testCases.TC003_LoginDataDrivenTest" name="verify_loginDDT" time="5.198"/>
  <testcase classname="testCases.TC003_LoginDataDrivenTest" name="verify_loginDDT" time="5.55"/>
  <testcase classname="testCases.TC003_LoginDataDrivenTest" name="verify_loginDDT" time="5.218"/>
  <testcase classname="testCases.TC003_LoginDataDrivenTest" name="verify_loginDDT" time="5.416"/>
</testsuite> <!-- Test -->
