<?xml version="1.0" encoding="UTF-8"?>
<!-- Generated by org.testng.reporters.JUnitXMLReporter -->
<testsuite ignored="0" hostname="Umesh_Bilembagi" failures="0" tests="7" name="Test" time="39.564" errors="0" timestamp="2025-02-07T18:02:18 IST">
  <testcase classname="testCases.TC001_AccountRegistrationTest" name="verify_account_registration" time="6.862"/>
  <testcase classname="testCases.TC002_LoginTest" name="verify_login" time="1.201"/>
  <testcase classname="testCases.TC003_LoginDataDrivenTest" name="verify_loginDDT" time="4.627"/>
  <testcase classname="testCases.TC003_LoginDataDrivenTest" name="verify_loginDDT" time="4.365"/>
  <testcase classname="testCases.TC003_LoginDataDrivenTest" name="verify_loginDDT" time="4.532"/>
  <testcase classname="testCases.TC003_LoginDataDrivenTest" name="verify_loginDDT" time="5.115"/>
  <testcase classname="testCases.TC003_LoginDataDrivenTest" name="verify_loginDDT" time="4.569"/>
</testsuite> <!-- Test -->
