<?xml version="1.0" encoding="UTF-8"?>
<testng-results ignored="0" total="7" passed="7" failed="0" skipped="0">
  <reporter-output>
  </reporter-output>
  <suite started-at="2025-02-08T01:01:27 IST" name="Master Suite" finished-at="2025-02-08T01:02:15 IST" duration-ms="47817">
    <groups>
      <group name="Master">
        <method signature="TC001_AccountRegistrationTest.verify_account_registration()[pri:0, instance:testCases.TC001_AccountRegistrationTest@2c78d320]" name="verify_account_registration" class="testCases.TC001_AccountRegistrationTest"/>
        <method signature="TC002_LoginTest.verify_login()[pri:0, instance:testCases.TC002_LoginTest@15713d56]" name="verify_login" class="testCases.TC002_LoginTest"/>
      </group> <!-- Master -->
      <group name="Sanity">
        <method signature="TC002_LoginTest.verify_login()[pri:0, instance:testCases.TC002_LoginTest@15713d56]" name="verify_login" class="testCases.TC002_LoginTest"/>
      </group> <!-- Sanity -->
      <group name="DataDriven">
        <method signature="TC003_LoginDataDrivenTest.verify_loginDDT(java.lang.String,java.lang.String,java.lang.String)[pri:0, instance:testCases.TC003_LoginDataDrivenTest@63f259c3]" name="verify_loginDDT" class="testCases.TC003_LoginDataDrivenTest"/>
      </group> <!-- DataDriven -->
      <group name="Regression">
        <method signature="TC001_AccountRegistrationTest.verify_account_registration()[pri:0, instance:testCases.TC001_AccountRegistrationTest@2c78d320]" name="verify_account_registration" class="testCases.TC001_AccountRegistrationTest"/>
      </group> <!-- Regression -->
    </groups>
    <test started-at="2025-02-08T01:01:27 IST" name="Test" finished-at="2025-02-08T01:02:15 IST" duration-ms="47817">
      <class name="testCases.TC003_LoginDataDrivenTest">
        <test-method is-config="true" signature="setUp(java.lang.String,java.lang.String)[pri:0, instance:testCases.TC003_LoginDataDrivenTest@63f259c3]" started-at="2025-02-08T01:01:44 IST" name="setUp" finished-at="2025-02-08T01:01:46 IST" duration-ms="2373" status="PASS">
          <params>
            <param index="0">
              <value>
                <![CDATA[Windows]]>
              </value>
            </param>
            <param index="1">
              <value>
                <![CDATA[chrome]]>
              </value>
            </param>
          </params>
          <reporter-output>
          </reporter-output>
        </test-method> <!-- setUp -->
        <test-method signature="verify_loginDDT(java.lang.String,java.lang.String,java.lang.String)[pri:0, instance:testCases.TC003_LoginDataDrivenTest@63f259c3]" started-at="2025-02-08T01:01:48 IST" name="verify_loginDDT" data-provider="LoginData" finished-at="2025-02-08T01:01:53 IST" duration-ms="5189" status="PASS">
          <params>
            <param index="0">
              <value>
                <![CDATA[ucbilembagi@gmail.com]]>
              </value>
            </param>
            <param index="1">
              <value>
                <![CDATA[password]]>
              </value>
            </param>
            <param index="2">
              <value>
                <![CDATA[Valid]]>
              </value>
            </param>
          </params>
          <reporter-output>
          </reporter-output>
        </test-method> <!-- verify_loginDDT -->
        <test-method signature="verify_loginDDT(java.lang.String,java.lang.String,java.lang.String)[pri:0, instance:testCases.TC003_LoginDataDrivenTest@63f259c3]" started-at="2025-02-08T01:01:53 IST" name="verify_loginDDT" data-provider="LoginData" finished-at="2025-02-08T01:01:58 IST" duration-ms="5198" status="PASS">
          <params>
            <param index="0">
              <value>
                <![CDATA[ucbilembagi@gmail.com]]>
              </value>
            </param>
            <param index="1">
              <value>
                <![CDATA[password]]>
              </value>
            </param>
            <param index="2">
              <value>
                <![CDATA[Valid]]>
              </value>
            </param>
          </params>
          <reporter-output>
          </reporter-output>
        </test-method> <!-- verify_loginDDT -->
        <test-method signature="verify_loginDDT(java.lang.String,java.lang.String,java.lang.String)[pri:0, instance:testCases.TC003_LoginDataDrivenTest@63f259c3]" started-at="2025-02-08T01:01:58 IST" name="verify_loginDDT" data-provider="LoginData" finished-at="2025-02-08T01:02:04 IST" duration-ms="5550" status="PASS">
          <params>
            <param index="0">
              <value>
                <![CDATA[ucbilembagi@gmail.com]]>
              </value>
            </param>
            <param index="1">
              <value>
                <![CDATA[password]]>
              </value>
            </param>
            <param index="2">
              <value>
                <![CDATA[Valid]]>
              </value>
            </param>
          </params>
          <reporter-output>
          </reporter-output>
        </test-method> <!-- verify_loginDDT -->
        <test-method signature="verify_loginDDT(java.lang.String,java.lang.String,java.lang.String)[pri:0, instance:testCases.TC003_LoginDataDrivenTest@63f259c3]" started-at="2025-02-08T01:02:04 IST" name="verify_loginDDT" data-provider="LoginData" finished-at="2025-02-08T01:02:09 IST" duration-ms="5218" status="PASS">
          <params>
            <param index="0">
              <value>
                <![CDATA[ucbilembagi@gmail.com]]>
              </value>
            </param>
            <param index="1">
              <value>
                <![CDATA[password]]>
              </value>
            </param>
            <param index="2">
              <value>
                <![CDATA[Valid]]>
              </value>
            </param>
          </params>
          <reporter-output>
          </reporter-output>
        </test-method> <!-- verify_loginDDT -->
        <test-method signature="verify_loginDDT(java.lang.String,java.lang.String,java.lang.String)[pri:0, instance:testCases.TC003_LoginDataDrivenTest@63f259c3]" started-at="2025-02-08T01:02:09 IST" name="verify_loginDDT" data-provider="LoginData" finished-at="2025-02-08T01:02:14 IST" duration-ms="5416" status="PASS">
          <params>
            <param index="0">
              <value>
                <![CDATA[ucbilembagi@gmail.com]]>
              </value>
            </param>
            <param index="1">
              <value>
                <![CDATA[password]]>
              </value>
            </param>
            <param index="2">
              <value>
                <![CDATA[Valid]]>
              </value>
            </param>
          </params>
          <reporter-output>
          </reporter-output>
        </test-method> <!-- verify_loginDDT -->
        <test-method is-config="true" signature="tearDown()[pri:0, instance:testCases.TC003_LoginDataDrivenTest@63f259c3]" started-at="2025-02-08T01:02:14 IST" name="tearDown" finished-at="2025-02-08T01:02:15 IST" duration-ms="461" status="PASS">
          <reporter-output>
          </reporter-output>
        </test-method> <!-- tearDown -->
      </class> <!-- testCases.TC003_LoginDataDrivenTest -->
      <class name="testCases.TC002_LoginTest">
        <test-method is-config="true" signature="setUp(java.lang.String,java.lang.String)[pri:0, instance:testCases.TC002_LoginTest@15713d56]" started-at="2025-02-08T01:01:39 IST" name="setUp" finished-at="2025-02-08T01:01:41 IST" duration-ms="2278" status="PASS">
          <params>
            <param index="0">
              <value>
                <![CDATA[Windows]]>
              </value>
            </param>
            <param index="1">
              <value>
                <![CDATA[chrome]]>
              </value>
            </param>
          </params>
          <reporter-output>
          </reporter-output>
        </test-method> <!-- setUp -->
        <test-method signature="verify_login()[pri:0, instance:testCases.TC002_LoginTest@15713d56]" started-at="2025-02-08T01:01:41 IST" name="verify_login" finished-at="2025-02-08T01:01:43 IST" duration-ms="2141" status="PASS">
          <reporter-output>
          </reporter-output>
        </test-method> <!-- verify_login -->
        <test-method is-config="true" signature="tearDown()[pri:0, instance:testCases.TC002_LoginTest@15713d56]" started-at="2025-02-08T01:01:43 IST" name="tearDown" finished-at="2025-02-08T01:01:44 IST" duration-ms="300" status="PASS">
          <reporter-output>
          </reporter-output>
        </test-method> <!-- tearDown -->
      </class> <!-- testCases.TC002_LoginTest -->
      <class name="testCases.TC001_AccountRegistrationTest">
        <test-method is-config="true" signature="setUp(java.lang.String,java.lang.String)[pri:0, instance:testCases.TC001_AccountRegistrationTest@2c78d320]" started-at="2025-02-08T01:01:27 IST" name="setUp" finished-at="2025-02-08T01:01:30 IST" duration-ms="3109" status="PASS">
          <params>
            <param index="0">
              <value>
                <![CDATA[Windows]]>
              </value>
            </param>
            <param index="1">
              <value>
                <![CDATA[chrome]]>
              </value>
            </param>
          </params>
          <reporter-output>
          </reporter-output>
        </test-method> <!-- setUp -->
        <test-method signature="verify_account_registration()[pri:0, instance:testCases.TC001_AccountRegistrationTest@2c78d320]" started-at="2025-02-08T01:01:30 IST" name="verify_account_registration" finished-at="2025-02-08T01:01:39 IST" duration-ms="8122" status="PASS">
          <reporter-output>
          </reporter-output>
        </test-method> <!-- verify_account_registration -->
        <test-method is-config="true" signature="tearDown()[pri:0, instance:testCases.TC001_AccountRegistrationTest@2c78d320]" started-at="2025-02-08T01:01:39 IST" name="tearDown" finished-at="2025-02-08T01:01:39 IST" duration-ms="261" status="PASS">
          <reporter-output>
          </reporter-output>
        </test-method> <!-- tearDown -->
      </class> <!-- testCases.TC001_AccountRegistrationTest -->
    </test> <!-- Test -->
  </suite> <!-- Master Suite -->
</testng-results>
